2016-12-08 14:42:45,216 [Worker-1] INFO  o.e.m.c.i.l.LifecycleMappingFactory - Using org.eclipse.m2e.jdt.JarLifecycleMapping lifecycle mapping for MavenProject: com.zha:mongo-test:0.0.1-SNAPSHOT @ D:\git\mongo-test\pom.xml.
2016-12-08 14:42:45,555 [Worker-1] INFO  o.e.m.j.i.AbstractJavaProjectConfigurator - Adding source folder /mongo-test/src/main/java
2016-12-08 14:42:45,555 [Worker-1] INFO  o.e.m.j.i.AbstractJavaProjectConfigurator - Adding resource folder /mongo-test/src/main/resources
2016-12-08 14:42:45,556 [Worker-1] INFO  o.e.m.j.i.AbstractJavaProjectConfigurator - Adding source folder /mongo-test/src/test/java
2016-12-08 14:42:45,556 [Worker-1] INFO  o.e.m.j.i.AbstractJavaProjectConfigurator - Adding resource folder /mongo-test/src/test/resources
2016-12-08 14:42:45,630 [Worker-1] INFO  o.e.m.c.i.p.ProjectConfigurationManager - Imported and configured 1 project(s) in 1 sec
2016-12-08 14:42:46,816 [Worker-8] WARN  o.e.m.c.i.embedder.EclipseLogger - Using platform encoding (GBK actually) to copy filtered resources, i.e. build is platform dependent!
2016-12-08 14:42:47,149 [Worker-8] INFO  o.e.m.c.i.embedder.EclipseLogger - Copying 0 resource
2016-12-08 14:42:47,151 [Worker-8] WARN  o.e.m.c.i.embedder.EclipseLogger - Using platform encoding (GBK actually) to copy filtered resources, i.e. build is platform dependent!
2016-12-08 14:42:47,152 [Worker-8] INFO  o.e.m.c.i.embedder.EclipseLogger - Copying 0 resource
2016-12-08 14:43:15,374 [Worker-1] WARN  o.e.m.c.i.embedder.EclipseLogger - Using platform encoding (GBK actually) to copy filtered resources, i.e. build is platform dependent!
2016-12-08 14:43:15,379 [Worker-1] INFO  o.e.m.c.i.embedder.EclipseLogger - Copying 0 resource
2016-12-08 14:43:15,380 [Worker-1] WARN  o.e.m.c.i.embedder.EclipseLogger - Using platform encoding (GBK actually) to copy filtered resources, i.e. build is platform dependent!
2016-12-08 14:43:15,381 [Worker-1] INFO  o.e.m.c.i.embedder.EclipseLogger - Copying 0 resource
2016-12-08 14:52:14,482 [Worker-10] INFO  o.e.m.c.i.l.LifecycleMappingFactory - Using org.maven.ide.eclipse.wtp.WarLifecycleMapping lifecycle mapping for MavenProject: com.lanyuan:lanyuan-notebook-3.1v:3.1 @ D:\git\lanyuan-notebook-3.1v-master\pom.xml.
2016-12-08 14:52:16,017 [Worker-10] INFO  o.e.m.j.i.AbstractJavaProjectConfigurator - Adding source folder /lanyuan-notebook-3.1v-master/src/main/java
2016-12-08 14:52:16,017 [Worker-10] INFO  o.e.m.j.i.AbstractJavaProjectConfigurator - Adding resource folder /lanyuan-notebook-3.1v-master/src/main/resources
2016-12-08 14:52:16,018 [Worker-10] INFO  o.e.m.j.i.AbstractJavaProjectConfigurator - Adding source folder /lanyuan-notebook-3.1v-master/src/test/java
2016-12-08 14:52:17,264 [Worker-10] INFO  o.e.m.c.i.p.ProjectConfigurationManager - Imported and configured 1 project(s) in 3 sec
2016-12-08 14:52:27,616 [Worker-23] INFO  o.e.m.c.i.embedder.EclipseLogger - Using 'UTF-8' encoding to copy filtered resources.
2016-12-08 14:52:27,616 [Worker-23] INFO  o.e.m.c.i.embedder.EclipseLogger - Copying 15 resources
2016-12-08 14:52:27,634 [Worker-23] INFO  o.e.m.c.i.embedder.EclipseLogger - Not copying test resources
2016-12-08 14:58:16,141 [Worker-23] INFO  o.e.m.c.i.e.AbstractTransferListenerAdapter - Downloading http://192.168.1.62:8081/nexus/content/groups/public/javax/inject/javax.inject/1/javax.inject-1-sources.jar
2016-12-08 14:58:16,165 [Worker-23] INFO  o.e.m.c.i.e.AbstractTransferListenerAdapter - Downloaded http://192.168.1.62:8081/nexus/content/groups/public/javax/inject/javax.inject/1/javax.inject-1-sources.jar
2016-12-08 14:58:16,225 [Worker-23] INFO  o.e.m.j.internal.DownloadSourcesJob - Downloaded sources for javax.inject:javax.inject:1
2016-12-08 14:58:16,720 [Worker-14] INFO  o.e.m.c.i.embedder.EclipseLogger - Using 'UTF-8' encoding to copy filtered resources.
2016-12-08 14:58:16,721 [Worker-14] INFO  o.e.m.c.i.embedder.EclipseLogger - Copying 0 resource
2016-12-08 14:58:16,721 [Worker-14] INFO  o.e.m.c.i.embedder.EclipseLogger - Not copying test resources
